\BOOKMARK [0][-]{chapter.1}{Introducere}{}% 1
\BOOKMARK [1][-]{section.1.1}{Condițiile preexistente}{chapter.1}% 2
\BOOKMARK [1][-]{section.1.2}{Servicii prestate clienților}{chapter.1}% 3
\BOOKMARK [1][-]{section.1.3}{Detalii despre relația dintre firma angajatoare și Altex / Media Galaxy}{chapter.1}% 4
\BOOKMARK [1][-]{section.1.4}{Detalii despre dezvoltarea aplicației}{chapter.1}% 5
\BOOKMARK [1][-]{section.1.5}{Despre aplicație}{chapter.1}% 6
\BOOKMARK [0][-]{chapter.2}{Tehnologiile\040folosite}{}% 7
\BOOKMARK [1][-]{section.2.1}{PHP\0405.6}{chapter.2}% 8
\BOOKMARK [2][-]{subsection.2.1.1}{Avantaje\040PHP\0405.6\040vs\0405.3}{section.2.1}% 9
\BOOKMARK [1][-]{section.2.2}{Mentiuni\040speciale}{chapter.2}% 10
\BOOKMARK [2][-]{subsection.2.2.1}{Shared\040hosting}{section.2.2}% 11
\BOOKMARK [2][-]{subsection.2.2.2}{PhpStorm\040IDE}{section.2.2}% 12
\BOOKMARK [2][-]{subsection.2.2.3}{Organizarea\040cunostiintelor\040pe\040un\040kanban\040board\040-\040Trello}{section.2.2}% 13
\BOOKMARK [2][-]{subsection.2.2.4}{Heroku}{section.2.2}% 14
\BOOKMARK [2][-]{subsection.2.2.5}{Amazon\040Web\040Services}{section.2.2}% 15
\BOOKMARK [1][-]{section.2.3}{Laravel\0405.3}{chapter.2}% 16
\BOOKMARK [2][-]{subsection.2.3.1}{Extindere\040-\040Form\040/\040Html\040helper}{section.2.3}% 17
\BOOKMARK [2][-]{subsection.2.3.2}{Directive\040Blade}{section.2.3}% 18
\BOOKMARK [2][-]{subsection.2.3.3}{Securitate}{section.2.3}% 19
\BOOKMARK [2][-]{subsection.2.3.4}{Standarde\040de\040cod}{section.2.3}% 20
\BOOKMARK [2][-]{subsection.2.3.5}{Modul\040ajutator\040construire\040schele}{section.2.3}% 21
\BOOKMARK [2][-]{subsection.2.3.6}{Event-uri și notificări}{section.2.3}% 22
\BOOKMARK [1][-]{section.2.4}{Baza\040de\040date\040-\040MySQL}{chapter.2}% 23
\BOOKMARK [1][-]{section.2.5}{Composer}{chapter.2}% 24
\BOOKMARK [1][-]{section.2.6}{GitHub}{chapter.2}% 25
\BOOKMARK [1][-]{section.2.7}{CloudFlare}{chapter.2}% 26
\BOOKMARK [1][-]{section.2.8}{jQuery\040&\040jQuery\040UI}{chapter.2}% 27
\BOOKMARK [1][-]{section.2.9}{Google\040Analytics}{chapter.2}% 28
\BOOKMARK [1][-]{section.2.10}{Knockout.js}{chapter.2}% 29
\BOOKMARK [1][-]{section.2.11}{npm}{chapter.2}% 30
\BOOKMARK [2][-]{subsection.2.11.1}{integrarea\040cu\040laravel\040-\040laravel\040elixir}{section.2.11}% 31
\BOOKMARK [2][-]{subsection.2.11.2}{ce\040asigura\040un\040up-to-date\040css\040/\040js\040file\040cu\040versioning}{section.2.11}% 32
\BOOKMARK [2][-]{subsection.2.11.3}{agregarea\040css\040/\040scss\040/\040js\040->\040webpack\040\(minifier\)\040->\040versioning\040->}{section.2.11}% 33
\BOOKMARK [1][-]{section.2.12}{LaTeX}{chapter.2}% 34
\BOOKMARK [0][-]{chapter.3}{Structura Aplicației}{}% 35
\BOOKMARK [1][-]{section.3.1}{Request\040life-cycle}{chapter.3}% 36
\BOOKMARK [1][-]{section.3.2}{O\040scurta\040istorie\040a\040aplicatiei}{chapter.3}% 37
\BOOKMARK [2][-]{subsection.3.2.1}{Rapoarte\040-\040vizualizarea\040datelor\040=>\040refactor}{section.3.2}% 38
\BOOKMARK [2][-]{subsection.3.2.2}{adaugarea\040campurilor\040de\040undecided\040/\040resolved\040/\040repaired}{section.3.2}% 39
\BOOKMARK [2][-]{subsection.3.2.3}{legatura\040stransa\040dintre\040claim-sale}{section.3.2}% 40
\BOOKMARK [2][-]{subsection.3.2.4}{decuplarea}{section.3.2}% 41
\BOOKMARK [2][-]{subsection.3.2.5}{FileDataExcelAdaptor}{section.3.2}% 42
\BOOKMARK [2][-]{subsection.3.2.6}{matchuirea\040pentru\040rapoartele\040jmeky}{section.3.2}% 43
\BOOKMARK [2][-]{subsection.3.2.7}{todo:\040includerea\040campului\040de\040external_id}{section.3.2}% 44
\BOOKMARK [2][-]{subsection.3.2.8}{todo:\040decuplarea\040in\040one-to-one\040pentru\040a\040arata\040mai\040dragut\040/\040scoate\040rapoarte\040mai\040complicate\040cand\040o\040sa\040se\040ceara}{section.3.2}% 45
\BOOKMARK [1][-]{section.3.3}{Baza\040de\040date}{chapter.3}% 46
\BOOKMARK [2][-]{subsection.3.3.1}{Assurance}{section.3.3}% 47
\BOOKMARK [2][-]{subsection.3.3.2}{Chat\040Claims}{section.3.3}% 48
\BOOKMARK [2][-]{subsection.3.3.3}{Claims}{section.3.3}% 49
\BOOKMARK [2][-]{subsection.3.3.4}{Decisions\040+\040parent\040decision\040\(many-to-many\)}{section.3.3}% 50
\BOOKMARK [2][-]{subsection.3.3.5}{Messages}{section.3.3}% 51
\BOOKMARK [2][-]{subsection.3.3.6}{Migrations}{section.3.3}% 52
\BOOKMARK [2][-]{subsection.3.3.7}{Password\040Resets}{section.3.3}% 53
\BOOKMARK [2][-]{subsection.3.3.8}{Photos}{section.3.3}% 54
\BOOKMARK [2][-]{subsection.3.3.9}{Products}{section.3.3}% 55
\BOOKMARK [2][-]{subsection.3.3.10}{Sales}{section.3.3}% 56
\BOOKMARK [2][-]{subsection.3.3.11}{Sessions}{section.3.3}% 57
\BOOKMARK [2][-]{subsection.3.3.12}{User}{section.3.3}% 58
\BOOKMARK [1][-]{section.3.4}{Apache\040&\040PHP}{chapter.3}% 59
\BOOKMARK [1][-]{section.3.5}{MVC\040-\040Model\040View\040Controller}{chapter.3}% 60
\BOOKMARK [2][-]{subsection.3.5.1}{Controllers}{section.3.5}% 61
\BOOKMARK [2][-]{subsection.3.5.2}{Models\040-\040Eloquent\040ORM}{section.3.5}% 62
\BOOKMARK [2][-]{subsection.3.5.3}{functii\040ajutatoare\040-\040Helpers}{section.3.5}% 63
\BOOKMARK [2][-]{subsection.3.5.4}{Request-uri}{section.3.5}% 64
\BOOKMARK [2][-]{subsection.3.5.5}{.env\040ironment-ul}{section.3.5}% 65
\BOOKMARK [2][-]{subsection.3.5.6}{Logging}{section.3.5}% 66
\BOOKMARK [2][-]{subsection.3.5.7}{Event\040-\040Notification\040-\040Mail\040system}{section.3.5}% 67
\BOOKMARK [2][-]{subsection.3.5.8}{Excel}{section.3.5}% 68
\BOOKMARK [0][-]{chapter.4}{Manual\040de\040utilizare}{}% 69
\BOOKMARK [1][-]{section.4.1}{Administrative\040interface}{chapter.4}% 70
\BOOKMARK [2][-]{subsection.4.1.1}{Claims\040view}{section.4.1}% 71
\BOOKMARK [2][-]{subsection.4.1.2}{Import}{section.4.1}% 72
\BOOKMARK [2][-]{subsection.4.1.3}{Sales}{section.4.1}% 73
\BOOKMARK [2][-]{subsection.4.1.4}{Decisions}{section.4.1}% 74
\BOOKMARK [2][-]{subsection.4.1.5}{Reports}{section.4.1}% 75
\BOOKMARK [1][-]{section.4.2}{Registering\040a\040claim}{chapter.4}% 76
\BOOKMARK [1][-]{section.4.3}{Responding\040to\040messages}{chapter.4}% 77
\BOOKMARK [1][-]{section.4.4}{Settings}{chapter.4}% 78
\BOOKMARK [1][-]{section.4.5}{Uploading\040photos}{chapter.4}% 79
\BOOKMARK [0][-]{chapter.5}{Concluzii}{}% 80
\BOOKMARK [1][-]{section.5.1}{Business\040Continuity\040Plan}{chapter.5}% 81
\BOOKMARK [1][-]{section.5.2}{Teste\040automate}{chapter.5}% 82
\BOOKMARK [1][-]{section.5.3}{Modularizarea\040tabelelor}{chapter.5}% 83
\BOOKMARK [2][-]{subsection.5.3.1}{Modificări necesare asupra structurii bazei de date}{section.5.3}% 84
\BOOKMARK [1][-]{section.5.4}{Sistem\040modular\040de\040rapoarte}{chapter.5}% 85
